<?xml version="1.0" encoding="UTF-8"?>
<!-- Generated by org.testng.reporters.JUnitReportReporter -->
<testsuite skipped="0" hostname="DESKTOP-803K56V" name="com.SM.testCases.TC002_Verify_ForgotUnOrPasswordLink" tests="1" failures="0" timestamp="2021-12-14T21:11:43 EST" time="1.788" errors="0">
  <testcase name="verifyForgotUsernameOrPasswordLink" time="1.788" classname="com.SM.testCases.TC002_Verify_ForgotUnOrPasswordLink"/>
  <system-out/>
</testsuite> <!-- com.SM.testCases.TC002_Verify_ForgotUnOrPasswordLink -->
