<?xml version="1.0" encoding="UTF-8"?>
<!-- Generated by org.testng.reporters.JUnitReportReporter -->
<testsuite skipped="0" hostname="DESKTOP-803K56V" name="com.SM.testCases.TC001_Login_Test" tests="1" failures="0" timestamp="2021-12-14T21:11:43 EST" time="9.202" errors="0">
  <testcase name="loginTest" time="9.202" classname="com.SM.testCases.TC001_Login_Test"/>
  <system-out/>
</testsuite> <!-- com.SM.testCases.TC001_Login_Test -->
